{"/home/bradley/Projects/eleventy-plugin-broken-links/lib/helpers.js": {"path":"/home/bradley/Projects/eleventy-plugin-broken-links/lib/helpers.js","statementMap":{"0":{"start":{"line":1,"column":11},"end":{"line":1,"column":31}},"1":{"start":{"line":4,"column":17},"end":{"line":8,"column":1}},"2":{"start":{"line":5,"column":2},"end":{"line":5,"column":31}},"3":{"start":{"line":5,"column":19},"end":{"line":5,"column":31}},"4":{"start":{"line":6,"column":21},"end":{"line":6,"column":35}},"5":{"start":{"line":7,"column":2},"end":{"line":7,"column":48}},"6":{"start":{"line":11,"column":19},"end":{"line":11,"column":54}},"7":{"start":{"line":11,"column":29},"end":{"line":11,"column":54}},"8":{"start":{"line":14,"column":15},"end":{"line":14,"column":61}},"9":{"start":{"line":14,"column":25},"end":{"line":14,"column":61}},"10":{"start":{"line":16,"column":22},"end":{"line":19,"column":71}},"11":{"start":{"line":17,"column":2},"end":{"line":19,"column":71}},"12":{"start":{"line":21,"column":29},"end":{"line":21,"column":53}},"13":{"start":{"line":22,"column":29},"end":{"line":22,"column":78}},"14":{"start":{"line":22,"column":43},"end":{"line":22,"column":78}},"15":{"start":{"line":25,"column":2},"end":{"line":25,"column":117}},"16":{"start":{"line":26,"column":19},"end":{"line":26,"column":48}},"17":{"start":{"line":26,"column":28},"end":{"line":26,"column":48}},"18":{"start":{"line":29,"column":26},"end":{"line":36,"column":1}},"19":{"start":{"line":30,"column":15},"end":{"line":30,"column":20}},"20":{"start":{"line":31,"column":2},"end":{"line":31,"column":48}},"21":{"start":{"line":31,"column":34},"end":{"line":31,"column":48}},"22":{"start":{"line":32,"column":2},"end":{"line":34,"column":5}},"23":{"start":{"line":33,"column":4},"end":{"line":33,"column":80}},"24":{"start":{"line":33,"column":66},"end":{"line":33,"column":80}},"25":{"start":{"line":35,"column":2},"end":{"line":35,"column":16}},"26":{"start":{"line":39,"column":23},"end":{"line":39,"column":83}},"27":{"start":{"line":39,"column":35},"end":{"line":39,"column":82}},"28":{"start":{"line":40,"column":23},"end":{"line":40,"column":84}},"29":{"start":{"line":40,"column":35},"end":{"line":40,"column":83}},"30":{"start":{"line":42,"column":26},"end":{"line":53,"column":1}},"31":{"start":{"line":44,"column":2},"end":{"line":44,"column":40}},"32":{"start":{"line":45,"column":2},"end":{"line":49,"column":3}},"33":{"start":{"line":46,"column":4},"end":{"line":46,"column":40}},"34":{"start":{"line":47,"column":4},"end":{"line":47,"column":40}},"35":{"start":{"line":48,"column":4},"end":{"line":48,"column":53}},"36":{"start":{"line":50,"column":2},"end":{"line":50,"column":52}},"37":{"start":{"line":52,"column":2},"end":{"line":52,"column":59}},"38":{"start":{"line":52,"column":38},"end":{"line":52,"column":57}},"39":{"start":{"line":55,"column":0},"end":{"line":64,"column":2}}},"fnMap":{"0":{"name":"(anonymous_0)","decl":{"start":{"line":4,"column":17},"end":{"line":4,"column":18}},"loc":{"start":{"line":4,"column":27},"end":{"line":8,"column":1}},"line":4},"1":{"name":"(anonymous_1)","decl":{"start":{"line":11,"column":19},"end":{"line":11,"column":20}},"loc":{"start":{"line":11,"column":29},"end":{"line":11,"column":54}},"line":11},"2":{"name":"(anonymous_2)","decl":{"start":{"line":14,"column":15},"end":{"line":14,"column":16}},"loc":{"start":{"line":14,"column":25},"end":{"line":14,"column":61}},"line":14},"3":{"name":"(anonymous_3)","decl":{"start":{"line":16,"column":22},"end":{"line":16,"column":23}},"loc":{"start":{"line":17,"column":2},"end":{"line":19,"column":71}},"line":17},"4":{"name":"(anonymous_4)","decl":{"start":{"line":22,"column":29},"end":{"line":22,"column":30}},"loc":{"start":{"line":22,"column":43},"end":{"line":22,"column":78}},"line":22},"5":{"name":"(anonymous_5)","decl":{"start":{"line":26,"column":19},"end":{"line":26,"column":20}},"loc":{"start":{"line":26,"column":28},"end":{"line":26,"column":48}},"line":26},"6":{"name":"(anonymous_6)","decl":{"start":{"line":29,"column":26},"end":{"line":29,"column":27}},"loc":{"start":{"line":29,"column":49},"end":{"line":36,"column":1}},"line":29},"7":{"name":"(anonymous_7)","decl":{"start":{"line":32,"column":22},"end":{"line":32,"column":23}},"loc":{"start":{"line":32,"column":32},"end":{"line":34,"column":3}},"line":32},"8":{"name":"(anonymous_8)","decl":{"start":{"line":39,"column":23},"end":{"line":39,"column":24}},"loc":{"start":{"line":39,"column":35},"end":{"line":39,"column":82}},"line":39},"9":{"name":"(anonymous_9)","decl":{"start":{"line":40,"column":23},"end":{"line":40,"column":24}},"loc":{"start":{"line":40,"column":35},"end":{"line":40,"column":83}},"line":40},"10":{"name":"(anonymous_10)","decl":{"start":{"line":42,"column":26},"end":{"line":42,"column":27}},"loc":{"start":{"line":42,"column":66},"end":{"line":53,"column":1}},"line":42},"11":{"name":"(anonymous_11)","decl":{"start":{"line":52,"column":28},"end":{"line":52,"column":29}},"loc":{"start":{"line":52,"column":38},"end":{"line":52,"column":57}},"line":52}},"branchMap":{"0":{"loc":{"start":{"line":5,"column":2},"end":{"line":5,"column":31}},"type":"if","locations":[{"start":{"line":5,"column":2},"end":{"line":5,"column":31}},{"start":{"line":5,"column":2},"end":{"line":5,"column":31}}],"line":5},"1":{"loc":{"start":{"line":7,"column":9},"end":{"line":7,"column":47}},"type":"binary-expr","locations":[{"start":{"line":7,"column":9},"end":{"line":7,"column":26}},{"start":{"line":7,"column":30},"end":{"line":7,"column":47}}],"line":7},"2":{"loc":{"start":{"line":11,"column":29},"end":{"line":11,"column":54}},"type":"binary-expr","locations":[{"start":{"line":11,"column":29},"end":{"line":11,"column":40}},{"start":{"line":11,"column":44},"end":{"line":11,"column":54}}],"line":11},"3":{"loc":{"start":{"line":14,"column":25},"end":{"line":14,"column":61}},"type":"binary-expr","locations":[{"start":{"line":14,"column":25},"end":{"line":14,"column":40}},{"start":{"line":14,"column":44},"end":{"line":14,"column":61}}],"line":14},"4":{"loc":{"start":{"line":17,"column":2},"end":{"line":19,"column":71}},"type":"cond-expr","locations":[{"start":{"line":18,"column":6},"end":{"line":18,"column":11}},{"start":{"line":19,"column":6},"end":{"line":19,"column":71}}],"line":17},"5":{"loc":{"start":{"line":19,"column":6},"end":{"line":19,"column":71}},"type":"binary-expr","locations":[{"start":{"line":19,"column":6},"end":{"line":19,"column":36}},{"start":{"line":19,"column":40},"end":{"line":19,"column":71}}],"line":19},"6":{"loc":{"start":{"line":31,"column":2},"end":{"line":31,"column":48}},"type":"if","locations":[{"start":{"line":31,"column":2},"end":{"line":31,"column":48}},{"start":{"line":31,"column":2},"end":{"line":31,"column":48}}],"line":31},"7":{"loc":{"start":{"line":33,"column":4},"end":{"line":33,"column":80}},"type":"if","locations":[{"start":{"line":33,"column":4},"end":{"line":33,"column":80}},{"start":{"line":33,"column":4},"end":{"line":33,"column":80}}],"line":33},"8":{"loc":{"start":{"line":33,"column":8},"end":{"line":33,"column":64}},"type":"binary-expr","locations":[{"start":{"line":33,"column":8},"end":{"line":33,"column":26}},{"start":{"line":33,"column":30},"end":{"line":33,"column":64}}],"line":33},"9":{"loc":{"start":{"line":39,"column":35},"end":{"line":39,"column":82}},"type":"cond-expr","locations":[{"start":{"line":39,"column":60},"end":{"line":39,"column":74}},{"start":{"line":39,"column":77},"end":{"line":39,"column":82}}],"line":39},"10":{"loc":{"start":{"line":40,"column":35},"end":{"line":40,"column":83}},"type":"cond-expr","locations":[{"start":{"line":40,"column":57},"end":{"line":40,"column":75}},{"start":{"line":40,"column":78},"end":{"line":40,"column":83}}],"line":40},"11":{"loc":{"start":{"line":45,"column":2},"end":{"line":49,"column":3}},"type":"if","locations":[{"start":{"line":45,"column":2},"end":{"line":49,"column":3}},{"start":{"line":45,"column":2},"end":{"line":49,"column":3}}],"line":45}},"s":{"0":1,"1":1,"2":6,"3":1,"4":5,"5":5,"6":1,"7":5,"8":1,"9":2,"10":1,"11":4,"12":1,"13":1,"14":7,"15":1,"16":1,"17":7,"18":1,"19":7,"20":7,"21":1,"22":7,"23":21,"24":3,"25":7,"26":1,"27":56,"28":1,"29":4,"30":1,"31":13,"32":13,"33":4,"34":4,"35":4,"36":13,"37":13,"38":29,"39":1},"f":{"0":6,"1":5,"2":2,"3":4,"4":7,"5":7,"6":7,"7":21,"8":56,"9":4,"10":13,"11":29},"b":{"0":[1,5],"1":[5,3],"2":[5,4],"3":[2,1],"4":[1,3],"5":[3,2],"6":[1,6],"7":[3,18],"8":[21,14],"9":[8,48],"10":[0,4],"11":[4,9]},"_coverageSchema":"1a1c01bbd47fc00a2c39e90264f33305004495a9","hash":"4ca9975ceea7d1d155bc19388519bcdbfb1cdda9","contentHash":"ddba7f523cedd317abd6fabee1c7a092fb65e3285fa0ca5500215f3b4140ed07"}
}
